<?xml version="1.0" encoding="UTF-8"?>
<testng-results ignored="0" total="0" passed="0" failed="0" skipped="0">
  <reporter-output>
  </reporter-output>
  <suite started-at="2023-05-07T20:58:09 NZST" name="Surefire suite" finished-at="2023-05-07T20:59:28 NZST" duration-ms="79051">
    <groups>
    </groups>
    <test started-at="2023-05-07T20:58:09 NZST" name="Surefire test" finished-at="2023-05-07T20:59:28 NZST" duration-ms="79051">
    </test> <!-- Surefire test -->
  </suite> <!-- Surefire suite -->
</testng-results>
